<?xml version="1.0" encoding="UTF-8"?>
<!-- Generated by org.testng.reporters.JUnitXMLReporter -->
<testsuite ignored="0" hostname="DESKTOP-L12O5CF" failures="0" tests="1" name="Test Automation" time="0.203" errors="0" timestamp="2023-01-24T14:21:00 CET">
  <testcase classname="testClasses.HomePage" name="@BeforeTest setUp" time="0.122">
    <failure type="java.lang.IllegalStateException" message="The driver executable must exist: C:\workspace\sritecloud\SeleniumLibrary\chromedriver.exe">
      <![CDATA[java.lang.IllegalStateException: The driver executable must exist: C:\workspace\sritecloud\SeleniumLibrary\chromedriver.exe
at org.openqa.selenium.internal.Require$FileStateChecker.isFile(Require.java:345)
at org.openqa.selenium.remote.service.DriverService.checkExecutable(DriverService.java:161)
at org.openqa.selenium.remote.service.DriverService.findExecutable(DriverService.java:156)
at org.openqa.selenium.chrome.ChromeDriverService.access$000(ChromeDriverService.java:41)
at org.openqa.selenium.chrome.ChromeDriverService$Builder.findDefaultExecutable(ChromeDriverService.java:285)
at org.openqa.selenium.remote.service.DriverService$Builder.build(DriverService.java:456)
at org.openqa.selenium.chrome.ChromeDriverService.createServiceWithConfig(ChromeDriverService.java:160)
at org.openqa.selenium.chrome.ChromeDriver.<init>(ChromeDriver.java:71)
at configurationSection.settingFile.setUp(settingFile.java:40)
at testClasses.HomePage.setUp(HomePage.java:20)
... Removed 28 stack frames]]>
    </failure>
  </testcase> <!-- @BeforeTest setUp -->
  <testcase classname="testClasses.HomePage" name="@AfterTest tearDown" time="0.0">
    <skipped/>
  </testcase> <!-- @AfterTest tearDown -->
  <testcase classname="testClasses.HomePage" name="homPage" time="0.0">
    <skipped/>
  </testcase> <!-- homPage -->
</testsuite> <!-- Test Automation -->
