<?xml version="1.0" encoding="UTF-8"?>
<!-- Generated by org.testng.reporters.JUnitXMLReporter -->
<testsuite ignored="0" hostname="DESKTOP-L12O5CF" failures="1" tests="1" name="Test Automation" time="35.608" errors="0" timestamp="2023-01-24T14:27:02 CET">
  <testcase classname="testClasses.HomePage" name="homPage" time="32.803">
    <failure type="java.lang.AssertionError" message="expected [Load Delays] but found [Load Delay]">
      <![CDATA[java.lang.AssertionError: expected [Load Delays] but found [Load Delay]
at configurationSection.webElementsLinks.homePage(webElementsLinks.java:284)
at testClasses.HomePage.homPage(HomePage.java:29)
at java.base/java.util.ArrayList.forEach(ArrayList.java:1511)
... Removed 33 stack frames]]>
    </failure>
  </testcase> <!-- homPage -->
</testsuite> <!-- Test Automation -->
